<?xml version="1.0" encoding="UTF-8"?>
<testsuite name="Cucumber" time="47.995" tests="3" skipped="0" failures="1" errors="0">
<testcase classname="To test recruitment functionality" name="A new record is created under the recruitment tab when a new candidate has been added" time="12.999">
<system-out><![CDATA[
Given user is on OHRM login page............................................passed
When user enters "Admin" credentials........................................passed
And clicks on login button..................................................passed
Then user is navigated to the home page.....................................passed
When user clicks on recruitment tab.........................................passed
And user clicks on add button...............................................passed
And user enters candidate deatils for "Payroll Administrator" and clicks submit.passed
Then under recruitment tab a new record is created "Payroll Administrator" with current date.passed
]]></system-out>
</testcase>
<testcase classname="To test recruitment functionality" name="User is able to schedule interview and select the candidate - Example #1.1" time="34.81">
<failure type="org.openqa.selenium.NoSuchElementException" message="no such element: Unable to locate element: {&quot;method&quot;:&quot;xpath&quot;,&quot;selector&quot;:&quot;//button[@class='oxd-button oxd-button--medium oxd-button--success']&quot;}
  (Session info: chrome=147.0.7727.103)
For documentation on this error, please visit: https://www.selenium.dev/documentation/webdriver/troubleshooting/errors#no-such-element-exception
Build info: version: '4.25.0', revision: '8a8aea2337'
System info: os.name: 'Windows 11', os.arch: 'amd64', os.version: '10.0', java.version: '21.0.2'
Driver info: org.openqa.selenium.chrome.ChromeDriver
Command: [87670f546dc688920febd9323733d6fa, findElement {using=xpath, value=//button[@class='oxd-button oxd-button--medium oxd-button--success']}]
Capabilities {acceptInsecureCerts: false, browserName: chrome, browserVersion: 147.0.7727.103, chrome: {chromedriverVersion: 147.0.7727.117 (474cc805edd..., userDataDir: C:\Users\DELL\AppData\Local...}, fedcm:accounts: true, goog:chromeOptions: {debuggerAddress: localhost:51803}, goog:processID: 30020, networkConnectionEnabled: false, pageLoadStrategy: normal, platformName: windows, proxy: Proxy(), se:cdp: ws://localhost:51803/devtoo..., se:cdpVersion: 147.0.7727.103, setWindowRect: true, strictFileInteractability: false, timeouts: {implicit: 0, pageLoad: 300000, script: 30000}, unhandledPromptBehavior: dismiss and notify, webauthn:extension:credBlob: true, webauthn:extension:largeBlob: true, webauthn:extension:minPinLength: true, webauthn:extension:prf: true, webauthn:virtualAuthenticators: true}
Session ID: 87670f546dc688920febd9323733d6fa">
<![CDATA[org.openqa.selenium.NoSuchElementException: no such element: Unable to locate element: {"method":"xpath","selector":"//button[@class='oxd-button oxd-button--medium oxd-button--success']"}
  (Session info: chrome=147.0.7727.103)
For documentation on this error, please visit: https://www.selenium.dev/documentation/webdriver/troubleshooting/errors#no-such-element-exception
Build info: version: '4.25.0', revision: '8a8aea2337'
System info: os.name: 'Windows 11', os.arch: 'amd64', os.version: '10.0', java.version: '21.0.2'
Driver info: org.openqa.selenium.chrome.ChromeDriver
Command: [87670f546dc688920febd9323733d6fa, findElement {using=xpath, value=//button[@class='oxd-button oxd-button--medium oxd-button--success']}]
Capabilities {acceptInsecureCerts: false, browserName: chrome, browserVersion: 147.0.7727.103, chrome: {chromedriverVersion: 147.0.7727.117 (474cc805edd..., userDataDir: C:\Users\DELL\AppData\Local...}, fedcm:accounts: true, goog:chromeOptions: {debuggerAddress: localhost:51803}, goog:processID: 30020, networkConnectionEnabled: false, pageLoadStrategy: normal, platformName: windows, proxy: Proxy(), se:cdp: ws://localhost:51803/devtoo..., se:cdpVersion: 147.0.7727.103, setWindowRect: true, strictFileInteractability: false, timeouts: {implicit: 0, pageLoad: 300000, script: 30000}, unhandledPromptBehavior: dismiss and notify, webauthn:extension:credBlob: true, webauthn:extension:largeBlob: true, webauthn:extension:minPinLength: true, webauthn:extension:prf: true, webauthn:virtualAuthenticators: true}
Session ID: 87670f546dc688920febd9323733d6fa
	at java.base/jdk.internal.reflect.DirectConstructorHandleAccessor.newInstance(DirectConstructorHandleAccessor.java:62)
	at java.base/java.lang.reflect.Constructor.newInstanceWithCaller(Constructor.java:502)
	at java.base/java.lang.reflect.Constructor.newInstance(Constructor.java:486)
	at org.openqa.selenium.remote.ErrorCodec.decode(ErrorCodec.java:167)
	at org.openqa.selenium.remote.codec.w3c.W3CHttpResponseCodec.decode(W3CHttpResponseCodec.java:138)
	at org.openqa.selenium.remote.codec.w3c.W3CHttpResponseCodec.decode(W3CHttpResponseCodec.java:50)
	at org.openqa.selenium.remote.HttpCommandExecutor.execute(HttpCommandExecutor.java:190)
	at org.openqa.selenium.remote.service.DriverCommandExecutor.invokeExecute(DriverCommandExecutor.java:216)
	at org.openqa.selenium.remote.service.DriverCommandExecutor.execute(DriverCommandExecutor.java:174)
	at org.openqa.selenium.remote.RemoteWebDriver.execute(RemoteWebDriver.java:545)
	at org.openqa.selenium.remote.ElementLocation$ElementFinder$2.findElement(ElementLocation.java:165)
	at org.openqa.selenium.remote.ElementLocation.findElement(ElementLocation.java:59)
	at org.openqa.selenium.remote.RemoteWebDriver.findElement(RemoteWebDriver.java:368)
	at org.openqa.selenium.remote.RemoteWebDriver.findElement(RemoteWebDriver.java:362)
	at Pages.OrangeHRMRecruitmentPage.clickScheduleInterview(OrangeHRMRecruitmentPage.java:141)
	at StepDefinitions.OHRMRecruitmentSteps.scheduleInterview(OHRMRecruitmentSteps.java:80)
	at ✽.schedules an interview with "2026-04-28" and "4:30PM"(file:///E:/Official/Upskilling_2026/CucumberJava2026/src/test/resources/Features/OHRMRecruitment.feature:18)
]]>
</failure>
<system-out><![CDATA[
Given user is on OHRM login page............................................passed
When user enters "Admin" credentials........................................passed
And clicks on login button..................................................passed
Then user is navigated to the home page.....................................passed
When user clicks on recruitment tab.........................................passed
And user clicks on add button...............................................passed
And user enters candidate deatils for "Payroll Administrator" and clicks submit.passed
When user clicks on actions button from records table for "Payroll Administrator".passed
And shortlists the candidate................................................passed
And schedules an interview with "2026-04-28" and "4:30PM"...................failed
And marks the interview as pass.............................................skipped
Then user is able to offer job and application status changes to hired......skipped
]]></system-out>
</testcase>
<testcase classname="To test recruitment functionality" name="user is able to schedule interview and reject a candidate" time="0">
</testcase>
</testsuite>
